<?xml version="1.0" encoding="UTF-8"?>
<!-- Generated by org.testng.reporters.JUnitXMLReporter -->
<testsuite ignored="0" hostname="Reshmas-MBP" failures="0" tests="3" name="Test" time="91.196" errors="0" timestamp="2024-07-31T17:53:47 GST">
  <testcase classname="testClasses.AppointmentSchedulingTestClass" name="verifyAddingNewService" time="19.382"/>
  <testcase classname="testClasses.AppointmentSchedulingTestClass" name="verifyEditService" time="17.338"/>
  <testcase classname="testClasses.AppointmentSchedulingTestClass" name="deleteService" time="15.349"/>
</testsuite> <!-- Test -->
