<?xml version="1.0" encoding="UTF-8"?>
<testng-results ignored="0" total="3" passed="3" failed="0" skipped="0">
  <reporter-output>
  </reporter-output>
  <suite started-at="2024-07-31T17:52:14 GST" name="GroupSuite" finished-at="2024-07-31T17:53:45 GST" duration-ms="91196">
    <groups>
      <group name="serviceRelated">
        <method signature="AppointmentSchedulingTestClass.verifyAddingNewService()[pri:1, instance:testClasses.AppointmentSchedulingTestClass@42bc14c1]" name="verifyAddingNewService" class="testClasses.AppointmentSchedulingTestClass"/>
        <method signature="AppointmentSchedulingTestClass.verifyEditService()[pri:2, instance:testClasses.AppointmentSchedulingTestClass@42bc14c1]" name="verifyEditService" class="testClasses.AppointmentSchedulingTestClass"/>
        <method signature="AppointmentSchedulingTestClass.deleteService()[pri:3, instance:testClasses.AppointmentSchedulingTestClass@42bc14c1]" name="deleteService" class="testClasses.AppointmentSchedulingTestClass"/>
      </group> <!-- serviceRelated -->
    </groups>
    <test started-at="2024-07-31T17:52:14 GST" name="Test" finished-at="2024-07-31T17:53:45 GST" duration-ms="91196">
      <class name="testClasses.AppointmentSchedulingTestClass">
        <test-method is-config="true" signature="createReport(org.testng.ITestContext)[pri:0, instance:testClasses.AppointmentSchedulingTestClass@42bc14c1]" started-at="2024-07-31T17:52:14 GST" name="createReport" finished-at="2024-07-31T17:52:14 GST" duration-ms="32" status="PASS">
          <params>
            <param index="0">
              <value>
                <![CDATA[org.testng.TestRunner@5f61371d]]>
              </value>
            </param>
          </params>
          <reporter-output>
          </reporter-output>
        </test-method> <!-- createReport -->
        <test-method is-config="true" signature="beforeMethod(java.lang.String)[pri:0, instance:testClasses.AppointmentSchedulingTestClass@42bc14c1]" started-at="2024-07-31T17:52:14 GST" name="beforeMethod" finished-at="2024-07-31T17:52:28 GST" duration-ms="14171" status="PASS">
          <params>
            <param index="0">
              <value>
                <![CDATA[chrome]]>
              </value>
            </param>
          </params>
          <reporter-output>
          </reporter-output>
        </test-method> <!-- beforeMethod -->
        <test-method signature="verifyAddingNewService()[pri:1, instance:testClasses.AppointmentSchedulingTestClass@42bc14c1]" started-at="2024-07-31T17:52:28 GST" name="verifyAddingNewService" finished-at="2024-07-31T17:52:48 GST" duration-ms="19382" status="PASS">
          <reporter-output>
          </reporter-output>
        </test-method> <!-- verifyAddingNewService -->
        <test-method is-config="true" signature="afterMethod(org.testng.ITestResult)[pri:0, instance:testClasses.AppointmentSchedulingTestClass@42bc14c1]" started-at="2024-07-31T17:52:48 GST" name="afterMethod" finished-at="2024-07-31T17:52:48 GST" duration-ms="11" status="PASS">
          <params>
            <param index="0">
              <value>
                <![CDATA[[TestResult name=verifyAddingNewService status=SUCCESS method=AppointmentSchedulingTestClass.verifyAddingNewService()[pri:1, instance:testClasses.AppointmentSchedulingTestClass@42bc14c1] output={null}]]]>
              </value>
            </param>
          </params>
          <reporter-output>
          </reporter-output>
        </test-method> <!-- afterMethod -->
        <test-method is-config="true" signature="beforeMethod(java.lang.String)[pri:0, instance:testClasses.AppointmentSchedulingTestClass@42bc14c1]" started-at="2024-07-31T17:52:48 GST" name="beforeMethod" finished-at="2024-07-31T17:53:00 GST" duration-ms="12438" status="PASS">
          <params>
            <param index="0">
              <value>
                <![CDATA[chrome]]>
              </value>
            </param>
          </params>
          <reporter-output>
          </reporter-output>
        </test-method> <!-- beforeMethod -->
        <test-method signature="verifyEditService()[pri:2, instance:testClasses.AppointmentSchedulingTestClass@42bc14c1]" started-at="2024-07-31T17:53:00 GST" name="verifyEditService" finished-at="2024-07-31T17:53:18 GST" duration-ms="17338" status="PASS">
          <reporter-output>
          </reporter-output>
        </test-method> <!-- verifyEditService -->
        <test-method is-config="true" signature="afterMethod(org.testng.ITestResult)[pri:0, instance:testClasses.AppointmentSchedulingTestClass@42bc14c1]" started-at="2024-07-31T17:53:18 GST" name="afterMethod" finished-at="2024-07-31T17:53:18 GST" duration-ms="3" status="PASS">
          <params>
            <param index="0">
              <value>
                <![CDATA[[TestResult name=verifyEditService status=SUCCESS method=AppointmentSchedulingTestClass.verifyEditService()[pri:2, instance:testClasses.AppointmentSchedulingTestClass@42bc14c1] output={null}]]]>
              </value>
            </param>
          </params>
          <reporter-output>
          </reporter-output>
        </test-method> <!-- afterMethod -->
        <test-method is-config="true" signature="beforeMethod(java.lang.String)[pri:0, instance:testClasses.AppointmentSchedulingTestClass@42bc14c1]" started-at="2024-07-31T17:53:18 GST" name="beforeMethod" finished-at="2024-07-31T17:53:30 GST" duration-ms="12307" status="PASS">
          <params>
            <param index="0">
              <value>
                <![CDATA[chrome]]>
              </value>
            </param>
          </params>
          <reporter-output>
          </reporter-output>
        </test-method> <!-- beforeMethod -->
        <test-method signature="deleteService()[pri:3, instance:testClasses.AppointmentSchedulingTestClass@42bc14c1]" started-at="2024-07-31T17:53:30 GST" name="deleteService" finished-at="2024-07-31T17:53:45 GST" duration-ms="15349" status="PASS">
          <reporter-output>
          </reporter-output>
        </test-method> <!-- deleteService -->
        <test-method is-config="true" signature="afterMethod(org.testng.ITestResult)[pri:0, instance:testClasses.AppointmentSchedulingTestClass@42bc14c1]" started-at="2024-07-31T17:53:45 GST" name="afterMethod" finished-at="2024-07-31T17:53:45 GST" duration-ms="1" status="PASS">
          <params>
            <param index="0">
              <value>
                <![CDATA[[TestResult name=deleteService status=SUCCESS method=AppointmentSchedulingTestClass.deleteService()[pri:3, instance:testClasses.AppointmentSchedulingTestClass@42bc14c1] output={null}]]]>
              </value>
            </param>
          </params>
          <reporter-output>
          </reporter-output>
        </test-method> <!-- afterMethod -->
      </class> <!-- testClasses.AppointmentSchedulingTestClass -->
    </test> <!-- Test -->
  </suite> <!-- GroupSuite -->
</testng-results>
